<?xml version="1.0" encoding="UTF-8"?>
<!-- Generated by org.testng.reporters.JUnitReportReporter -->
<testsuite skipped="0" hostname="HYDGSI3DQXHR2" name="TestDmeo.Testcase1" tests="2" failures="0" timestamp="2020-07-05T19:16:30 IST" time="0.011" errors="0">
  <testcase name="methodC" time="0.001" classname="TestDmeo.Testcase1"/>
  <system-out/>
  <testcase name="methodB" time="0.010" classname="TestDmeo.Testcase1"/>
  <system-out/>
</testsuite> <!-- TestDmeo.Testcase1 -->
