<?xml version="1.0" encoding="UTF-8"?>
<!-- Generated by org.testng.reporters.JUnitReportReporter -->
<testsuite skipped="0" hostname="HYDGSI3DQXHR2" name="TestDmeo.TestCase2" tests="3" failures="0" timestamp="2020-07-05T19:16:30 IST" time="0.005" errors="0">
  <testcase name="methodz" time="0.001" classname="TestDmeo.TestCase2"/>
  <system-out/>
  <testcase name="methody" time="0.002" classname="TestDmeo.TestCase2"/>
  <system-out/>
  <testcase name="methodx" time="0.002" classname="TestDmeo.TestCase2"/>
  <system-out/>
</testsuite> <!-- TestDmeo.TestCase2 -->
