<?xml version="1.0" encoding="UTF-8"?>
<!-- Generated by org.testng.reporters.JUnitReportReporter -->
<testsuite skipped="0" hostname="HYDGSI3DQXHR2" name="TestDmeo.NewTest" tests="2" failures="0" timestamp="2020-07-05T18:58:34 IST" time="0.004" errors="0">
  <testcase name="f" time="0.002" classname="TestDmeo.NewTest"/>
  <system-out/>
  <testcase name="f" time="0.002" classname="TestDmeo.NewTest"/>
  <system-out/>
</testsuite> <!-- TestDmeo.NewTest -->
