<?xml version="1.0" encoding="UTF-8"?>
<!-- Generated by org.testng.reporters.JUnitReportReporter -->
<testsuite skipped="0" hostname="HYDGSI3DQXHR2" name="TestDmeo.TestCase3" tests="1" failures="0" timestamp="2020-07-05T19:16:30 IST" time="0.002" errors="0">
  <testcase name="methodD" time="0.002" classname="TestDmeo.TestCase3"/>
  <system-out/>
</testsuite> <!-- TestDmeo.TestCase3 -->
