<?xml version="1.0" encoding="UTF-8"?>
<!-- Generated by org.testng.reporters.JUnitReportReporter -->
<testsuite skipped="0" hostname="HYDGSI3DQXHR2" name="TestDmeo.TestNDD" tests="1" failures="0" timestamp="2020-07-05T18:58:34 IST" time="0.007" errors="0">
  <testcase name="welcomeTng" time="0.007" classname="TestDmeo.TestNDD"/>
  <system-out/>
</testsuite> <!-- TestDmeo.TestNDD -->
